[debug] [2020-03-09T14:39:22.477Z] ----------------------------------------------------------------------
[debug] [2020-03-09T14:39:22.479Z] Command:       C:\Program Files\nodejs\node.exe C:\Users\sathw\AppData\Roaming\npm\node_modules\firebase-tools\lib\bin\firebase.js serve --only functions
[debug] [2020-03-09T14:39:22.479Z] CLI Version:   7.14.0
[debug] [2020-03-09T14:39:22.479Z] Platform:      win32
[debug] [2020-03-09T14:39:22.479Z] Node Version:  v12.14.0
[debug] [2020-03-09T14:39:22.480Z] Time:          Mon Mar 09 2020 20:09:22 GMT+0530 (India Standard Time)
[debug] [2020-03-09T14:39:22.480Z] ----------------------------------------------------------------------
[debug] [2020-03-09T14:39:22.480Z] 
[debug] [2020-03-09T14:39:22.489Z] > command requires scopes: ["email","openid","https://www.googleapis.com/auth/cloudplatformprojects.readonly","https://www.googleapis.com/auth/firebase","https://www.googleapis.com/auth/cloud-platform"]
[debug] [2020-03-09T14:39:22.490Z] > authorizing via signed-in user
[debug] [2020-03-09T14:39:22.490Z] [iam] checking project homemade-45afb for permissions ["firebase.projects.get"]
[debug] [2020-03-09T14:39:22.492Z] >>> HTTP REQUEST POST https://cloudresourcemanager.googleapis.com/v1/projects/homemade-45afb:testIamPermissions  

[debug] [2020-03-09T14:39:24.511Z] <<< HTTP RESPONSE 200
[debug] [2020-03-09T14:39:24.513Z] >>> HTTP REQUEST GET https://firebase.googleapis.com/v1beta1/projects/homemade-45afb  
 
[debug] [2020-03-09T14:39:25.472Z] <<< HTTP RESPONSE 200
[warn] !  Your requested "node" version "8" doesn't match your global version "12"
[info] +  functions: functions emulator started at http://localhost:5000
[info] i  functions: Watching "C:\Users\sathw\Desktop\firebase\HomeMade\functions" for Cloud Functions...
[debug] [2020-03-09T14:39:27.507Z] [worker-pool] addWorker(~diagnostic~)
[debug] [2020-03-09T14:39:27.507Z] [worker-pool] Adding worker with key ~diagnostic~, total=1
[debug] [2020-03-09T14:39:27.507Z] [worker-pool] submitWork(triggerId=)
[debug] [2020-03-09T14:39:27.507Z] [worker-~diagnostic~-3a204384-fc6b-4b7b-9e55-25cf58d47c9e]: Assigning socketPath: \\?\pipe\C:\Users\sathw\Desktop\firebase\HomeMade\functions\11928
[debug] [2020-03-09T14:39:27.508Z] [worker-~diagnostic~-3a204384-fc6b-4b7b-9e55-25cf58d47c9e]: BUSY
[debug] [2020-03-09T14:39:27.917Z] [runtime-status] [11928] Functions runtime initialized. {"cwd":"C:\\Users\\sathw\\Desktop\\firebase\\HomeMade\\functions","node_version":"12.14.0"}
[debug] [2020-03-09T14:39:27.918Z] [runtime-status] [11928] Disabled runtime features: {"functions_config_helper":true,"network_filtering":true,"timeout":true,"memory_limiting":true,"admin_stubs":true,"pubsub_emulator":true}
[warn] !  The Cloud Functions emulator requires the module "firebase-admin" to be installed. This package is in your package.json, but it's not available. You probably need to run "npm install" in your functions directory.
[info] i  functions: Your functions could not be parsed due to an issue with your node_modules (see above)
[debug] [2020-03-09T14:39:27.954Z] [worker-~diagnostic~-3a204384-fc6b-4b7b-9e55-25cf58d47c9e]: exited
[debug] [2020-03-09T14:39:27.954Z] [worker-~diagnostic~-3a204384-fc6b-4b7b-9e55-25cf58d47c9e]: FINISHED
[debug] [2020-03-09T14:41:38.696Z] ----------------------------------------------------------------------
[debug] [2020-03-09T14:41:38.699Z] Command:       C:\Program Files\nodejs\node.exe C:\Users\sathw\AppData\Roaming\npm\node_modules\firebase-tools\lib\bin\firebase.js serve --only functions
[debug] [2020-03-09T14:41:38.699Z] CLI Version:   7.14.0
[debug] [2020-03-09T14:41:38.699Z] Platform:      win32
[debug] [2020-03-09T14:41:38.699Z] Node Version:  v12.14.0
[debug] [2020-03-09T14:41:38.700Z] Time:          Mon Mar 09 2020 20:11:38 GMT+0530 (India Standard Time)
[debug] [2020-03-09T14:41:38.700Z] ----------------------------------------------------------------------
[debug] [2020-03-09T14:41:38.700Z] 
[debug] [2020-03-09T14:41:38.709Z] > command requires scopes: ["email","openid","https://www.googleapis.com/auth/cloudplatformprojects.readonly","https://www.googleapis.com/auth/firebase","https://www.googleapis.com/auth/cloud-platform"]
[debug] [2020-03-09T14:41:38.709Z] > authorizing via signed-in user
[debug] [2020-03-09T14:41:38.710Z] [iam] checking project homemade-45afb for permissions ["firebase.projects.get"]
[debug] [2020-03-09T14:41:38.711Z] >>> HTTP REQUEST POST https://cloudresourcemanager.googleapis.com/v1/projects/homemade-45afb:testIamPermissions  

[debug] [2020-03-09T14:41:40.502Z] <<< HTTP RESPONSE 200
[debug] [2020-03-09T14:41:40.504Z] >>> HTTP REQUEST GET https://firebase.googleapis.com/v1beta1/projects/homemade-45afb  
 
[debug] [2020-03-09T14:41:41.167Z] <<< HTTP RESPONSE 200
[warn] !  Your requested "node" version "8" doesn't match your global version "12"
[info] +  functions: functions emulator started at http://localhost:5000
[info] i  functions: Watching "C:\Users\sathw\Desktop\firebase\HomeMade\functions" for Cloud Functions...
[debug] [2020-03-09T14:41:43.197Z] [worker-pool] addWorker(~diagnostic~)
[debug] [2020-03-09T14:41:43.197Z] [worker-pool] Adding worker with key ~diagnostic~, total=1
[debug] [2020-03-09T14:41:43.197Z] [worker-pool] submitWork(triggerId=)
[debug] [2020-03-09T14:41:43.198Z] [worker-~diagnostic~-14d7d8a3-9eb0-4534-8a29-ab12f3a049f5]: Assigning socketPath: \\?\pipe\C:\Users\sathw\Desktop\firebase\HomeMade\functions\13228
[debug] [2020-03-09T14:41:43.198Z] [worker-~diagnostic~-14d7d8a3-9eb0-4534-8a29-ab12f3a049f5]: BUSY
[debug] [2020-03-09T14:41:43.616Z] [runtime-status] [13228] Functions runtime initialized. {"cwd":"C:\\Users\\sathw\\Desktop\\firebase\\HomeMade\\functions","node_version":"12.14.0"}
[debug] [2020-03-09T14:41:43.617Z] [runtime-status] [13228] Disabled runtime features: {"functions_config_helper":true,"network_filtering":true,"timeout":true,"memory_limiting":true,"admin_stubs":true,"pubsub_emulator":true}
[debug] [2020-03-09T14:41:43.619Z] [runtime-status] [13228] Resolved module firebase-admin {"declared":true,"installed":true,"version":"8.9.2","resolution":"C:\\Users\\sathw\\Desktop\\firebase\\HomeMade\\functions\\node_modules\\firebase-admin\\lib\\index.js"}
[debug] [2020-03-09T14:41:43.621Z] [runtime-status] [13228] Resolved module firebase-functions {"declared":true,"installed":true,"version":"3.3.0","resolution":"C:\\Users\\sathw\\Desktop\\firebase\\HomeMade\\functions\\node_modules\\firebase-functions\\lib\\index.js"}
[debug] [2020-03-09T14:41:43.621Z] [runtime-status] [13228] Resolved module firebase-functions {"declared":true,"installed":true,"version":"3.3.0","resolution":"C:\\Users\\sathw\\Desktop\\firebase\\HomeMade\\functions\\node_modules\\firebase-functions\\lib\\index.js"}
[info] +  functions[app]: http function initialized (http://localhost:5000/homemade-45afb/us-central1/app).
[debug] [2020-03-09T14:41:43.780Z] [worker-~diagnostic~-14d7d8a3-9eb0-4534-8a29-ab12f3a049f5]: IDLE
[debug] [2020-03-09T14:41:46.718Z] [work-queue] {"queueLength":1,"workRunningCount":0}
[debug] [2020-03-09T14:41:46.719Z] [work-queue] {"queueLength":0,"workRunningCount":1}
[debug] [2020-03-09T14:41:46.719Z] Accepted request GET /homemade-45afb/us-central1/app --> app
[debug] [2020-03-09T14:41:46.722Z] [worker-pool] addWorker(app)
[debug] [2020-03-09T14:41:46.723Z] [worker-pool] Adding worker with key app, total=1
[debug] [2020-03-09T14:41:46.723Z] [worker-pool] submitWork(triggerId=app)
[debug] [2020-03-09T14:41:46.723Z] [worker-app-0491157d-b677-45ff-a6ba-623a08634b35]: Assigning socketPath: \\?\pipe\C:\Users\sathw\Desktop\firebase\HomeMade\functions\13148
[debug] [2020-03-09T14:41:46.723Z] [worker-app-0491157d-b677-45ff-a6ba-623a08634b35]: BUSY
[debug] [2020-03-09T14:41:47.206Z] [runtime-status] [13148] Functions runtime initialized. {"cwd":"C:\\Users\\sathw\\Desktop\\firebase\\HomeMade\\functions","node_version":"12.14.0"}
[debug] [2020-03-09T14:41:47.207Z] [runtime-status] [13148] Disabled runtime features: {"functions_config_helper":true,"network_filtering":true,"timeout":true,"memory_limiting":true,"admin_stubs":true,"pubsub_emulator":true}
[debug] [2020-03-09T14:41:47.210Z] [runtime-status] [13148] Resolved module firebase-admin {"declared":true,"installed":true,"version":"8.9.2","resolution":"C:\\Users\\sathw\\Desktop\\firebase\\HomeMade\\functions\\node_modules\\firebase-admin\\lib\\index.js"}
[debug] [2020-03-09T14:41:47.212Z] [runtime-status] [13148] Resolved module firebase-functions {"declared":true,"installed":true,"version":"3.3.0","resolution":"C:\\Users\\sathw\\Desktop\\firebase\\HomeMade\\functions\\node_modules\\firebase-functions\\lib\\index.js"}
[debug] [2020-03-09T14:41:47.212Z] [runtime-status] [13148] Resolved module firebase-functions {"declared":true,"installed":true,"version":"3.3.0","resolution":"C:\\Users\\sathw\\Desktop\\firebase\\HomeMade\\functions\\node_modules\\firebase-functions\\lib\\index.js"}
[debug] [2020-03-09T14:41:47.397Z] [runtime-status] [13148] Trigger "app" has been found, beginning invocation!
[info] i  functions: Beginning execution of "app"
[debug] [2020-03-09T14:41:47.398Z] [runtime-status] [13148] triggerDefinition {"httpsTrigger":{},"name":"app","entryPoint":"app"}
[debug] [2020-03-09T14:41:47.398Z] [runtime-status] [13148] Running app in mode HTTPS
[debug] [2020-03-09T14:41:47.401Z] [runtime-status] [13148] Attempting to listen to socketPath: \\?\pipe\C:\Users\sathw\Desktop\firebase\HomeMade\functions\13148
[debug] [2020-03-09T14:41:47.412Z] [functions] Runtime ready! Sending request!
[debug] [2020-03-09T14:41:47.421Z] [runtime-status] [13148] Ephemeral server handling GET request
[debug] [2020-03-09T14:41:47.431Z] [runtime-status] [13148] Ephemeral server survived.
[info] i  functions: Finished "app" in ~1s
[debug] [2020-03-09T14:41:47.434Z] [worker-app-0491157d-b677-45ff-a6ba-623a08634b35]: IDLE
[debug] [2020-03-09T14:41:47.434Z] [work-queue] {"queueLength":0,"workRunningCount":0}
[debug] [2020-03-09T14:41:56.954Z] File C:\Users\sathw\Desktop\firebase\HomeMade\functions\index.js changed, reloading triggers
[debug] [2020-03-09T14:41:57.955Z] [worker-pool] Shutting down IDLE worker (~diagnostic~)
[debug] [2020-03-09T14:41:57.955Z] [worker-~diagnostic~-14d7d8a3-9eb0-4534-8a29-ab12f3a049f5]: FINISHING
[debug] [2020-03-09T14:41:57.956Z] [worker-pool] Shutting down IDLE worker (app)
[debug] [2020-03-09T14:41:57.956Z] [worker-app-0491157d-b677-45ff-a6ba-623a08634b35]: FINISHING
[debug] [2020-03-09T14:41:57.959Z] [worker-pool] addWorker(~diagnostic~)
[debug] [2020-03-09T14:41:57.959Z] [worker-pool] Adding worker with key ~diagnostic~, total=2
[debug] [2020-03-09T14:41:57.959Z] [worker-pool] submitWork(triggerId=)
[debug] [2020-03-09T14:41:57.960Z] [worker-~diagnostic~-c4df6d25-fe28-45a0-9c58-e35a77a22f86]: Assigning socketPath: \\?\pipe\C:\Users\sathw\Desktop\firebase\HomeMade\functions\5292
[debug] [2020-03-09T14:41:57.960Z] [worker-~diagnostic~-c4df6d25-fe28-45a0-9c58-e35a77a22f86]: BUSY
[debug] [2020-03-09T14:41:57.963Z] [worker-~diagnostic~-14d7d8a3-9eb0-4534-8a29-ab12f3a049f5]: exited
[debug] [2020-03-09T14:41:57.963Z] [worker-~diagnostic~-14d7d8a3-9eb0-4534-8a29-ab12f3a049f5]: FINISHED
[debug] [2020-03-09T14:41:57.964Z] [worker-app-0491157d-b677-45ff-a6ba-623a08634b35]: exited
[debug] [2020-03-09T14:41:57.964Z] [worker-app-0491157d-b677-45ff-a6ba-623a08634b35]: FINISHED
[debug] [2020-03-09T14:41:58.448Z] [runtime-status] [5292] Functions runtime initialized. {"cwd":"C:\\Users\\sathw\\Desktop\\firebase\\HomeMade\\functions","node_version":"12.14.0"}
[debug] [2020-03-09T14:41:58.449Z] [runtime-status] [5292] Disabled runtime features: {"functions_config_helper":true,"network_filtering":true,"timeout":true,"memory_limiting":true,"admin_stubs":true,"pubsub_emulator":true}
[debug] [2020-03-09T14:41:58.452Z] [runtime-status] [5292] Resolved module firebase-admin {"declared":true,"installed":true,"version":"8.9.2","resolution":"C:\\Users\\sathw\\Desktop\\firebase\\HomeMade\\functions\\node_modules\\firebase-admin\\lib\\index.js"}
[debug] [2020-03-09T14:41:58.454Z] [runtime-status] [5292] Resolved module firebase-functions {"declared":true,"installed":true,"version":"3.3.0","resolution":"C:\\Users\\sathw\\Desktop\\firebase\\HomeMade\\functions\\node_modules\\firebase-functions\\lib\\index.js"}
[debug] [2020-03-09T14:41:58.455Z] [runtime-status] [5292] Resolved module firebase-functions {"declared":true,"installed":true,"version":"3.3.0","resolution":"C:\\Users\\sathw\\Desktop\\firebase\\HomeMade\\functions\\node_modules\\firebase-functions\\lib\\index.js"}
[debug] [2020-03-09T14:41:58.637Z] [worker-~diagnostic~-c4df6d25-fe28-45a0-9c58-e35a77a22f86]: IDLE
[debug] [2020-03-09T14:43:08.705Z] [worker-~diagnostic~-c4df6d25-fe28-45a0-9c58-e35a77a22f86]: exited
