[debug] [2020-03-10T13:51:10.710Z] ----------------------------------------------------------------------
[debug] [2020-03-10T13:51:10.713Z] Command:       C:\Program Files\nodejs\node.exe C:\Users\sathw\AppData\Roaming\npm\node_modules\firebase-tools\lib\bin\firebase.js serve
[debug] [2020-03-10T13:51:10.713Z] CLI Version:   7.14.0
[debug] [2020-03-10T13:51:10.713Z] Platform:      win32
[debug] [2020-03-10T13:51:10.713Z] Node Version:  v12.14.0
[debug] [2020-03-10T13:51:10.715Z] Time:          Tue Mar 10 2020 19:21:10 GMT+0530 (India Standard Time)
[debug] [2020-03-10T13:51:10.715Z] ----------------------------------------------------------------------
[debug] [2020-03-10T13:51:10.715Z] 
[debug] [2020-03-10T13:51:10.725Z] > command requires scopes: ["email","openid","https://www.googleapis.com/auth/cloudplatformprojects.readonly","https://www.googleapis.com/auth/firebase","https://www.googleapis.com/auth/cloud-platform"]
[debug] [2020-03-10T13:51:10.726Z] > authorizing via signed-in user
[debug] [2020-03-10T13:51:10.726Z] [iam] checking project homemade-45afb for permissions ["firebase.projects.get"]
[debug] [2020-03-10T13:51:10.728Z] >>> HTTP REQUEST POST https://cloudresourcemanager.googleapis.com/v1/projects/homemade-45afb:testIamPermissions  

[debug] [2020-03-10T13:51:13.103Z] <<< HTTP RESPONSE 200
[debug] [2020-03-10T13:51:13.105Z] >>> HTTP REQUEST GET https://firebase.googleapis.com/v1beta1/projects/homemade-45afb  
 
[debug] [2020-03-10T13:51:14.010Z] <<< HTTP RESPONSE 200
[info] 
[info] === Serving from 'C:\Users\sathw\Desktop\firebase\HomeMade'...
[info] 
[debug] [2020-03-10T13:51:14.026Z] >>> HTTP REQUEST GET https://firebase.googleapis.com/v1beta1/projects/homemade-45afb/webApps/-/config  
 
[debug] [2020-03-10T13:51:15.730Z] <<< HTTP RESPONSE 200
[info] i  hosting: Serving hosting files from: dist
[info] +  hosting: Local server: http://localhost:5000
[warn] !  Your requested "node" version "8" doesn't match your global version "12"
[info] +  functions: functions emulator started at http://localhost:5001
[info] i  functions: Watching "C:\Users\sathw\Desktop\firebase\HomeMade\functions" for Cloud Functions...
[debug] [2020-03-10T13:51:16.063Z] [worker-pool] addWorker(~diagnostic~)
[debug] [2020-03-10T13:51:16.063Z] [worker-pool] Adding worker with key ~diagnostic~, total=1
[debug] [2020-03-10T13:51:16.063Z] [worker-pool] submitWork(triggerId=)
[debug] [2020-03-10T13:51:16.063Z] [worker-~diagnostic~-083fde6d-ebd6-468b-95e6-3033bed43ab1]: Assigning socketPath: \\?\pipe\C:\Users\sathw\Desktop\firebase\HomeMade\functions\11004
[debug] [2020-03-10T13:51:16.064Z] [worker-~diagnostic~-083fde6d-ebd6-468b-95e6-3033bed43ab1]: BUSY
[debug] [2020-03-10T13:51:17.012Z] [runtime-status] [11004] Functions runtime initialized. {"cwd":"C:\\Users\\sathw\\Desktop\\firebase\\HomeMade\\functions","node_version":"12.14.0"}
[debug] [2020-03-10T13:51:17.013Z] [runtime-status] [11004] Disabled runtime features: {"functions_config_helper":true,"network_filtering":true,"timeout":true,"memory_limiting":true,"admin_stubs":true,"pubsub_emulator":true}
[debug] [2020-03-10T13:51:17.017Z] [runtime-status] [11004] Resolved module firebase-admin {"declared":true,"installed":true,"version":"8.9.2","resolution":"C:\\Users\\sathw\\Desktop\\firebase\\HomeMade\\functions\\node_modules\\firebase-admin\\lib\\index.js"}
[debug] [2020-03-10T13:51:17.020Z] [runtime-status] [11004] Resolved module firebase-functions {"declared":true,"installed":true,"version":"3.3.0","resolution":"C:\\Users\\sathw\\Desktop\\firebase\\HomeMade\\functions\\node_modules\\firebase-functions\\lib\\index.js"}
[debug] [2020-03-10T13:51:17.021Z] [runtime-status] [11004] Resolved module firebase-functions {"declared":true,"installed":true,"version":"3.3.0","resolution":"C:\\Users\\sathw\\Desktop\\firebase\\HomeMade\\functions\\node_modules\\firebase-functions\\lib\\index.js"}
[info] +  functions[app]: http function initialized (http://localhost:5001/homemade-45afb/us-central1/app).
[debug] [2020-03-10T13:51:17.953Z] [worker-~diagnostic~-083fde6d-ebd6-468b-95e6-3033bed43ab1]: IDLE
